<?xml version="1.0" encoding="UTF-8"?>
<!-- Generated by org.testng.reporters.JUnitReportReporter -->
<testsuite skipped="0" hostname="DIN66008786" name="com.crm.qa.testcases.LoginPageTest" tests="3" failures="0" timestamp="31 May 2018 10:57:44 GMT" time="51.410" errors="0">
  <testcase name="loginpageTitletest" time="16.071" classname="com.crm.qa.testcases.LoginPageTest"/>
  <testcase name="CRMlogoTest" time="13.757" classname="com.crm.qa.testcases.LoginPageTest"/>
  <testcase name="loginTest" time="21.582" classname="com.crm.qa.testcases.LoginPageTest"/>
</testsuite> <!-- com.crm.qa.testcases.LoginPageTest -->
